# JRE version: Java(TM) SE Runtime Environment (8.0_161-b12) (build 1.8.0_161-b12)
# Java VM: Java HotSpot(TM) Server VM (25.161-b12 mixed mode windows-x86 )
Heap:
 PSYoungGen      total 238336K, used 165997K [0x302c0000, 0x3ec00000, 0x3ec00000)
  eden space 237824K, 69% used [0x302c0000,0x3a45e808,0x3eb00000)
  from space 512K, 97% used [0x3eb00000,0x3eb7cc50,0x3eb80000)
  to   space 512K, 0% used [0x3eb80000,0x3eb80000,0x3ec00000)
 ParOldGen       total 95232K, used 62154K [0x13000000, 0x18d00000, 0x302c0000)
  object space 95232K, 65% used [0x13000000,0x16cb28d8,0x18d00000)
 Metaspace       used 35954K, capacity 39926K, committed 40064K, reserved 40320K
GC Heap History (10 events):
Event: 244.902 GC heap before
{Heap before GC invocations=142 (full 3):
 PSYoungGen      total 238336K, used 238145K [0x302c0000, 0x3ec00000, 0x3ec00000)
  eden space 237824K, 100% used [0x302c0000,0x3eb00000,0x3eb00000)
  from space 512K, 62% used [0x3eb80000,0x3ebd0710,0x3ec00000)
  to   space 512K, 0% used [0x3eb00000,0x3eb00000,0x3eb80000)
 ParOldGen       total 95232K, used 61275K [0x13000000, 0x18d00000, 0x302c0000)
  object space 95232K, 64% used [0x13000000,0x16bd6c68,0x18d00000)
 Metaspace       used 35905K, capacity 39892K, committed 39936K, reserved 40320K
Event: 244.904 GC heap after
Heap after GC invocations=142 (full 3):
 PSYoungGen      total 238336K, used 324K [0x302c0000, 0x3ec00000, 0x3ec00000)
  eden space 237824K, 0% used [0x302c0000,0x302c0000,0x3eb00000)
  from space 512K, 63% used [0x3eb00000,0x3eb51198,0x3eb80000)
  to   space 512K, 0% used [0x3eb80000,0x3eb80000,0x3ec00000)
 ParOldGen       total 95232K, used 61316K [0x13000000, 0x18d00000, 0x302c0000)
  object space 95232K, 64% used [0x13000000,0x16be11e0,0x18d00000)
 Metaspace       used 35905K, capacity 39892K, committed 39936K, reserved 40320K
}
Event: 246.388 GC heap before
{Heap before GC invocations=143 (full 3):
 PSYoungGen      total 238336K, used 238148K [0x302c0000, 0x3ec00000, 0x3ec00000)
  eden space 237824K, 100% used [0x302c0000,0x3eb00000,0x3eb00000)
  from space 512K, 63% used [0x3eb00000,0x3eb51198,0x3eb80000)
  to   space 512K, 0% used [0x3eb80000,0x3eb80000,0x3ec00000)
 ParOldGen       total 95232K, used 61316K [0x13000000, 0x18d00000, 0x302c0000)
  object space 95232K, 64% used [0x13000000,0x16be11e0,0x18d00000)
 Metaspace       used 35905K, capacity 39892K, committed 39936K, reserved 40320K
Event: 246.389 GC heap after
Heap after GC invocations=143 (full 3):
 PSYoungGen      total 238336K, used 308K [0x302c0000, 0x3ec00000, 0x3ec00000)
  eden space 237824K, 0% used [0x302c0000,0x302c0000,0x3eb00000)
  from space 512K, 60% used [0x3eb80000,0x3ebcd198,0x3ec00000)
  to   space 512K, 0% used [0x3eb00000,0x3eb00000,0x3eb80000)
 ParOldGen       total 95232K, used 61316K [0x13000000, 0x18d00000, 0x302c0000)
  object space 95232K, 64% used [0x13000000,0x16be11e0,0x18d00000)
 Metaspace       used 35905K, capacity 39892K, committed 39936K, reserved 40320K
}
Event: 247.900 GC heap before
{Heap before GC invocations=144 (full 3):
 PSYoungGen      total 238336K, used 238132K [0x302c0000, 0x3ec00000, 0x3ec00000)
  eden space 237824K, 100% used [0x302c0000,0x3eb00000,0x3eb00000)
  from space 512K, 60% used [0x3eb80000,0x3ebcd198,0x3ec00000)
  to   space 512K, 0% used [0x3eb00000,0x3eb00000,0x3eb80000)
 ParOldGen       total 95232K, used 61316K [0x13000000, 0x18d00000, 0x302c0000)
  object space 95232K, 64% used [0x13000000,0x16be11e0,0x18d00000)
 Metaspace       used 35905K, capacity 39892K, committed 39936K, reserved 40320K
Event: 247.903 GC heap after
Heap after GC invocations=144 (full 3):
 PSYoungGen      total 238336K, used 321K [0x302c0000, 0x3ec00000, 0x3ec00000)
  eden space 237824K, 0% used [0x302c0000,0x302c0000,0x3eb00000)
  from space 512K, 62% used [0x3eb00000,0x3eb504f0,0x3eb80000)
  to   space 512K, 0% used [0x3eb80000,0x3eb80000,0x3ec00000)
 ParOldGen       total 95232K, used 61316K [0x13000000, 0x18d00000, 0x302c0000)
  object space 95232K, 64% used [0x13000000,0x16be11e0,0x18d00000)
 Metaspace       used 35905K, capacity 39892K, committed 39936K, reserved 40320K
}
Event: 249.472 GC heap before
{Heap before GC invocations=145 (full 3):
 PSYoungGen      total 238336K, used 238145K [0x302c0000, 0x3ec00000, 0x3ec00000)
  eden space 237824K, 100% used [0x302c0000,0x3eb00000,0x3eb00000)
  from space 512K, 62% used [0x3eb00000,0x3eb504f0,0x3eb80000)
  to   space 512K, 0% used [0x3eb80000,0x3eb80000,0x3ec00000)
 ParOldGen       total 95232K, used 61316K [0x13000000, 0x18d00000, 0x302c0000)
  object space 95232K, 64% used [0x13000000,0x16be11e0,0x18d00000)
 Metaspace       used 35905K, capacity 39892K, committed 39936K, reserved 40320K
Event: 249.474 GC heap after
Heap after GC invocations=145 (full 3):
 PSYoungGen      total 238336K, used 500K [0x302c0000, 0x3ec00000, 0x3ec00000)
  eden space 237824K, 0% used [0x302c0000,0x302c0000,0x3eb00000)
  from space 512K, 97% used [0x3eb80000,0x3ebfd180,0x3ec00000)
  to   space 512K, 0% used [0x3eb00000,0x3eb00000,0x3eb80000)
 ParOldGen       total 95232K, used 61324K [0x13000000, 0x18d00000, 0x302c0000)
  object space 95232K, 64% used [0x13000000,0x16be31e0,0x18d00000)
 Metaspace       used 35905K, capacity 39892K, committed 39936K, reserved 40320K
}
Event: 251.563 GC heap before
{Heap before GC invocations=146 (full 3):
 PSYoungGen      total 238336K, used 238324K [0x302c0000, 0x3ec00000, 0x3ec00000)
  eden space 237824K, 100% used [0x302c0000,0x3eb00000,0x3eb00000)
  from space 512K, 97% used [0x3eb80000,0x3ebfd180,0x3ec00000)
  to   space 512K, 0% used [0x3eb00000,0x3eb00000,0x3eb80000)
 ParOldGen       total 95232K, used 61324K [0x13000000, 0x18d00000, 0x302c0000)
  object space 95232K, 64% used [0x13000000,0x16be31e0,0x18d00000)
 Metaspace       used 35943K, capacity 39924K, committed 39936K, reserved 40320K
Event: 251.566 GC heap after
Heap after GC invocations=146 (full 3):
 PSYoungGen      total 238336K, used 499K [0x302c0000, 0x3ec00000, 0x3ec00000)
  eden space 237824K, 0% used [0x302c0000,0x302c0000,0x3eb00000)
  from space 512K, 97% used [0x3eb00000,0x3eb7cc50,0x3eb80000)
  to   space 512K, 0% used [0x3eb80000,0x3eb80000,0x3ec00000)
 ParOldGen       total 95232K, used 62154K [0x13000000, 0x18d00000, 0x302c0000)
  object space 95232K, 65% used [0x13000000,0x16cb28d8,0x18d00000)
 Metaspace       used 35943K, capacity 39924K, committed 39936K, reserved 40320K
}

